<?xml version="1.0" encoding="UTF-8"?>
<!-- Generated by org.testng.reporters.JUnitXMLReporter -->
<testsuite ignored="4" hostname="DESKTOP-UKO22H1" failures="0" tests="0" time="0.031" errors="0" timestamp="2024-01-17T18:00:27 IST">
  <testcase classname="listeners.testngclass" name="SkipTest" time="0.0">
    <ignored/>
  </testcase> <!-- SkipTest -->
  <testcase classname="listeners.testngclass" name="OpenBrowser" time="0.0">
    <ignored/>
  </testcase> <!-- OpenBrowser -->
  <testcase classname="listeners.testngclass" name="CloseBrowser" time="0.0">
    <ignored/>
  </testcase> <!-- CloseBrowser -->
  <testcase classname="listeners.testngclass" name="AccountTest" time="0.0">
    <ignored/>
  </testcase> <!-- AccountTest -->
</testsuite>
